  Game.cpp
e:\rainstorm projects\test\sneaking console version\sneaking console version\sneaking console version\game.cpp(37): warning C4244: 'argument': conversion from 'double' to 'int', possible loss of data
  Generating Code...
  Compiling...
  Enemy.cpp
e:\rainstorm projects\test\sneaking console version\sneaking console version\sneaking console version\enemy.cpp(116): warning C4244: '-=': conversion from 'float' to 'int', possible loss of data
e:\rainstorm projects\test\sneaking console version\sneaking console version\sneaking console version\enemy.cpp(120): warning C4244: '+=': conversion from 'float' to 'int', possible loss of data
e:\rainstorm projects\test\sneaking console version\sneaking console version\sneaking console version\enemy.cpp(124): warning C4244: '-=': conversion from 'float' to 'int', possible loss of data
e:\rainstorm projects\test\sneaking console version\sneaking console version\sneaking console version\enemy.cpp(128): warning C4244: '+=': conversion from 'float' to 'int', possible loss of data
e:\rainstorm projects\test\sneaking console version\sneaking console version\sneaking console version\enemy.cpp(138): warning C4244: '-=': conversion from 'float' to 'int', possible loss of data
e:\rainstorm projects\test\sneaking console version\sneaking console version\sneaking console version\enemy.cpp(142): warning C4244: '+=': conversion from 'float' to 'int', possible loss of data
e:\rainstorm projects\test\sneaking console version\sneaking console version\sneaking console version\enemy.cpp(146): warning C4244: '-=': conversion from 'float' to 'int', possible loss of data
e:\rainstorm projects\test\sneaking console version\sneaking console version\sneaking console version\enemy.cpp(150): warning C4244: '+=': conversion from 'float' to 'int', possible loss of data
e:\rainstorm projects\test\sneaking console version\sneaking console version\sneaking console version\enemy.cpp(166): warning C4244: '-=': conversion from 'float' to 'int', possible loss of data
e:\rainstorm projects\test\sneaking console version\sneaking console version\sneaking console version\enemy.cpp(170): warning C4244: '+=': conversion from 'float' to 'int', possible loss of data
e:\rainstorm projects\test\sneaking console version\sneaking console version\sneaking console version\enemy.cpp(174): warning C4244: '-=': conversion from 'float' to 'int', possible loss of data
e:\rainstorm projects\test\sneaking console version\sneaking console version\sneaking console version\enemy.cpp(178): warning C4244: '+=': conversion from 'float' to 'int', possible loss of data
e:\rainstorm projects\test\sneaking console version\sneaking console version\sneaking console version\enemy.cpp(193): warning C4244: '-=': conversion from 'float' to 'int', possible loss of data
e:\rainstorm projects\test\sneaking console version\sneaking console version\sneaking console version\enemy.cpp(197): warning C4244: '+=': conversion from 'float' to 'int', possible loss of data
e:\rainstorm projects\test\sneaking console version\sneaking console version\sneaking console version\enemy.cpp(201): warning C4244: '-=': conversion from 'float' to 'int', possible loss of data
e:\rainstorm projects\test\sneaking console version\sneaking console version\sneaking console version\enemy.cpp(205): warning C4244: '+=': conversion from 'float' to 'int', possible loss of data
  Generating Code...
  Skipping... (no relevant changes detected)
  Main.cpp
  Sneaking console version.vcxproj -> E:\RAINSTORM PROJECTS\Test\Sneaking console version\Sneaking console version\Debug\Sneaking console version.exe
